{ "date_time":"2021-03-30 16:30:52,312", "thread":"[main]", "class_name":"PrdConfigServerApplication", "serviceName":"serviceName", "propelId":, "log_message":"Starting PrdConfigServerApplication using Java 14.0.1 on LAMU02Z2C59LVCG.uhc.com. with PID 16139 (/Users/svoodem/PRTD/git/prd-config-server-v2/target/classes started by svoodem in /Users/svoodem/PRTD/git/prd-config-server-v2)" }
{ "date_time":"2021-03-30 16:30:52,312", "thread":"[background-preinit]", "class_name":"Version", "serviceName":"serviceName", "propelId":, "log_message":"HV000001: Hibernate Validator 6.1.7.Final" }
{ "date_time":"2021-03-30 16:30:52,314", "thread":"[main]", "class_name":"PrdConfigServerApplication", "serviceName":"serviceName", "propelId":, "log_message":"No active profile set, falling back to default profiles: default" }
{ "date_time":"2021-03-30 16:30:53,141", "thread":"[main]", "class_name":"GenericScope", "serviceName":"serviceName", "propelId":, "log_message":"BeanFactory id=64f7b088-b37d-3be2-85c0-d262084a6c35" }
{ "date_time":"2021-03-30 16:30:53,327", "thread":"[main]", "class_name":"TomcatWebServer", "serviceName":"serviceName", "propelId":, "log_message":"Tomcat initialized with port(s): 8080 (http)" }
{ "date_time":"2021-03-30 16:30:53,334", "thread":"[main]", "class_name":"Http11NioProtocol", "serviceName":"serviceName", "propelId":, "log_message":"Initializing ProtocolHandler ["http-nio-8080"]" }
{ "date_time":"2021-03-30 16:30:53,335", "thread":"[main]", "class_name":"StandardService", "serviceName":"serviceName", "propelId":, "log_message":"Starting service [Tomcat]" }
{ "date_time":"2021-03-30 16:30:53,335", "thread":"[main]", "class_name":"StandardEngine", "serviceName":"serviceName", "propelId":, "log_message":"Starting Servlet engine: [Apache Tomcat/9.0.44]" }
{ "date_time":"2021-03-30 16:30:53,426", "thread":"[main]", "class_name":"[/]", "serviceName":"serviceName", "propelId":, "log_message":"Initializing Spring embedded WebApplicationContext" }
{ "date_time":"2021-03-30 16:30:53,426", "thread":"[main]", "class_name":"ServletWebServerApplicationContext", "serviceName":"serviceName", "propelId":, "log_message":"Root WebApplicationContext: initialization completed in 1079 ms" }
{ "date_time":"2021-03-30 16:30:53,661", "thread":"[main]", "class_name":"DefaultSecurityFilterChain", "serviceName":"serviceName", "propelId":, "log_message":"Will secure Ant [pattern='/encrypt', POST] with []" }
{ "date_time":"2021-03-30 16:30:53,661", "thread":"[main]", "class_name":"DefaultSecurityFilterChain", "serviceName":"serviceName", "propelId":, "log_message":"Will secure Regex [pattern='/manage/hystrix.stream'] with []" }
{ "date_time":"2021-03-30 16:30:53,661", "thread":"[main]", "class_name":"DefaultSecurityFilterChain", "serviceName":"serviceName", "propelId":, "log_message":"Will secure Regex [pattern='/actuator/health'] with []" }
{ "date_time":"2021-03-30 16:30:53,661", "thread":"[main]", "class_name":"DefaultSecurityFilterChain", "serviceName":"serviceName", "propelId":, "log_message":"Will secure Regex [pattern='/health'] with []" }
{ "date_time":"2021-03-30 16:30:53,662", "thread":"[main]", "class_name":"DefaultSecurityFilterChain", "serviceName":"serviceName", "propelId":, "log_message":"Will secure Regex [pattern='.*/logConfig[^/]*.xml'] with []" }
{ "date_time":"2021-03-30 16:30:53,662", "thread":"[main]", "class_name":"DefaultSecurityFilterChain", "serviceName":"serviceName", "propelId":, "log_message":"Will secure Regex [pattern='/config-server'] with []" }
{ "date_time":"2021-03-30 16:30:53,662", "thread":"[main]", "class_name":"DefaultSecurityFilterChain", "serviceName":"serviceName", "propelId":, "log_message":"Will secure Regex [pattern='/'] with []" }
{ "date_time":"2021-03-30 16:30:53,662", "thread":"[main]", "class_name":"DefaultSecurityFilterChain", "serviceName":"serviceName", "propelId":, "log_message":"Will secure Regex [pattern='/api-docs.*'] with []" }
{ "date_time":"2021-03-30 16:30:53,662", "thread":"[main]", "class_name":"DefaultSecurityFilterChain", "serviceName":"serviceName", "propelId":, "log_message":"Will secure Regex [pattern='/swagger-resources/.*'] with []" }
{ "date_time":"2021-03-30 16:30:53,680", "thread":"[main]", "class_name":"DefaultSecurityFilterChain", "serviceName":"serviceName", "propelId":, "log_message":"Will secure Regex [pattern='.*'] with [org.springframework.security.web.context.request.async.WebAsyncManagerIntegrationFilter@2eda2062, org.springframework.security.web.context.SecurityContextPersistenceFilter@6e8fdd19, org.springframework.security.web.header.HeaderWriterFilter@4b765e92, org.springframework.security.web.authentication.logout.LogoutFilter@6f731759, org.springframework.security.web.authentication.www.BasicAuthenticationFilter@13866329, org.springframework.security.web.savedrequest.RequestCacheAwareFilter@2199e845, org.springframework.security.web.servletapi.SecurityContextHolderAwareRequestFilter@42679fc2, org.springframework.security.web.authentication.AnonymousAuthenticationFilter@1a9ec80e, org.springframework.security.web.session.SessionManagementFilter@1310fcb0, org.springframework.security.web.access.ExceptionTranslationFilter@715fa8c5, org.springframework.security.web.access.intercept.FilterSecurityInterceptor@d653e41]" }
{ "date_time":"2021-03-30 16:30:53,817", "thread":"[main]", "class_name":"ThreadPoolTaskExecutor", "serviceName":"serviceName", "propelId":, "log_message":"Initializing ExecutorService 'applicationTaskExecutor'" }
{ "date_time":"2021-03-30 16:30:54,017", "thread":"[main]", "class_name":"AnnotationConfigServletWebServerApplicationContext", "serviceName":"serviceName", "propelId":, "log_message":"Exception encountered during context initialization - cancelling refresh attempt: org.springframework.beans.factory.BeanCreationException: Error creating bean with name 'healthContributorRegistry' defined in class path resource [org/springframework/boot/actuate/autoconfigure/health/HealthEndpointConfiguration.class]: Bean instantiation via factory method failed; nested exception is org.springframework.beans.BeanInstantiationException: Failed to instantiate [org.springframework.boot.actuate.health.HealthContributorRegistry]: Factory method 'healthContributorRegistry' threw exception; nested exception is org.springframework.beans.factory.UnsatisfiedDependencyException: Error creating bean with name 'configServerHealthIndicator' defined in class path resource [org/springframework/cloud/config/server/config/EnvironmentRepositoryConfiguration.class]: Unsatisfied dependency expressed through method 'configServerHealthIndicator' parameter 0; nested exception is org.springframework.beans.factory.UnsatisfiedDependencyException: Error creating bean with name 'org.springframework.cloud.config.server.config.CompositeConfiguration': Unsatisfied dependency expressed through method 'setEnvironmentRepos' parameter 0; nested exception is org.springframework.beans.factory.BeanCreationException: Error creating bean with name 'defaultEnvironmentRepository' defined in class path resource [org/springframework/cloud/config/server/config/DefaultRepositoryConfiguration.class]: Invocation of init method failed; nested exception is java.lang.IllegalStateException: You need to configure a uri for the git repository." }
{ "date_time":"2021-03-30 16:30:54,018", "thread":"[main]", "class_name":"ThreadPoolTaskExecutor", "serviceName":"serviceName", "propelId":, "log_message":"Shutting down ExecutorService 'applicationTaskExecutor'" }
{ "date_time":"2021-03-30 16:30:54,022", "thread":"[main]", "class_name":"StandardService", "serviceName":"serviceName", "propelId":, "log_message":"Stopping service [Tomcat]" }
{ "date_time":"2021-03-30 16:30:54,037", "thread":"[main]", "class_name":"ConditionEvaluationReportLoggingListener", "serviceName":"serviceName", "propelId":, "log_message":"

Error starting ApplicationContext. To display the conditions report re-run your application with 'debug' enabled." }
{ "date_time":"2021-03-30 16:30:54,046", "thread":"[main]", "class_name":"LoggingFailureAnalysisReporter", "serviceName":"serviceName", "propelId":, "log_message":"

***************************
APPLICATION FAILED TO START
***************************

Description:

Invalid config server configuration.

Action:

If you are using the git profile, you need to set a Git URI in your configuration.  If you are using a native profile and have spring.cloud.config.server.bootstrap=true, you need to use a composite configuration.
" }
{ "date_time":"2021-03-30 16:32:59,313", "thread":"[main]", "class_name":"PrdConfigServerApplication", "serviceName":"serviceName", "propelId":, "log_message":"Starting PrdConfigServerApplication using Java 14.0.1 on LAMU02Z2C59LVCG.uhc.com. with PID 16503 (/Users/svoodem/PRTD/git/prd-config-server-v2/target/classes started by svoodem in /Users/svoodem/PRTD/git/prd-config-server-v2)" }
{ "date_time":"2021-03-30 16:32:59,312", "thread":"[background-preinit]", "class_name":"Version", "serviceName":"serviceName", "propelId":, "log_message":"HV000001: Hibernate Validator 6.1.7.Final" }
{ "date_time":"2021-03-30 16:32:59,316", "thread":"[main]", "class_name":"PrdConfigServerApplication", "serviceName":"serviceName", "propelId":, "log_message":"No active profile set, falling back to default profiles: default" }
{ "date_time":"2021-03-30 16:33:00,135", "thread":"[main]", "class_name":"GenericScope", "serviceName":"serviceName", "propelId":, "log_message":"BeanFactory id=64f7b088-b37d-3be2-85c0-d262084a6c35" }
{ "date_time":"2021-03-30 16:33:00,306", "thread":"[main]", "class_name":"TomcatWebServer", "serviceName":"serviceName", "propelId":, "log_message":"Tomcat initialized with port(s): 8080 (http)" }
{ "date_time":"2021-03-30 16:33:00,312", "thread":"[main]", "class_name":"Http11NioProtocol", "serviceName":"serviceName", "propelId":, "log_message":"Initializing ProtocolHandler ["http-nio-8080"]" }
{ "date_time":"2021-03-30 16:33:00,313", "thread":"[main]", "class_name":"StandardService", "serviceName":"serviceName", "propelId":, "log_message":"Starting service [Tomcat]" }
{ "date_time":"2021-03-30 16:33:00,313", "thread":"[main]", "class_name":"StandardEngine", "serviceName":"serviceName", "propelId":, "log_message":"Starting Servlet engine: [Apache Tomcat/9.0.44]" }
{ "date_time":"2021-03-30 16:33:00,402", "thread":"[main]", "class_name":"[/]", "serviceName":"serviceName", "propelId":, "log_message":"Initializing Spring embedded WebApplicationContext" }
{ "date_time":"2021-03-30 16:33:00,402", "thread":"[main]", "class_name":"ServletWebServerApplicationContext", "serviceName":"serviceName", "propelId":, "log_message":"Root WebApplicationContext: initialization completed in 1052 ms" }
{ "date_time":"2021-03-30 16:33:00,592", "thread":"[main]", "class_name":"DefaultSecurityFilterChain", "serviceName":"serviceName", "propelId":, "log_message":"Will secure Ant [pattern='/encrypt', POST] with []" }
{ "date_time":"2021-03-30 16:33:00,592", "thread":"[main]", "class_name":"DefaultSecurityFilterChain", "serviceName":"serviceName", "propelId":, "log_message":"Will secure Regex [pattern='/manage/hystrix.stream'] with []" }
{ "date_time":"2021-03-30 16:33:00,592", "thread":"[main]", "class_name":"DefaultSecurityFilterChain", "serviceName":"serviceName", "propelId":, "log_message":"Will secure Regex [pattern='/actuator/health'] with []" }
{ "date_time":"2021-03-30 16:33:00,592", "thread":"[main]", "class_name":"DefaultSecurityFilterChain", "serviceName":"serviceName", "propelId":, "log_message":"Will secure Regex [pattern='/health'] with []" }
{ "date_time":"2021-03-30 16:33:00,592", "thread":"[main]", "class_name":"DefaultSecurityFilterChain", "serviceName":"serviceName", "propelId":, "log_message":"Will secure Regex [pattern='.*/logConfig[^/]*.xml'] with []" }
{ "date_time":"2021-03-30 16:33:00,592", "thread":"[main]", "class_name":"DefaultSecurityFilterChain", "serviceName":"serviceName", "propelId":, "log_message":"Will secure Regex [pattern='/config-server'] with []" }
{ "date_time":"2021-03-30 16:33:00,592", "thread":"[main]", "class_name":"DefaultSecurityFilterChain", "serviceName":"serviceName", "propelId":, "log_message":"Will secure Regex [pattern='/'] with []" }
{ "date_time":"2021-03-30 16:33:00,593", "thread":"[main]", "class_name":"DefaultSecurityFilterChain", "serviceName":"serviceName", "propelId":, "log_message":"Will secure Regex [pattern='/api-docs.*'] with []" }
{ "date_time":"2021-03-30 16:33:00,593", "thread":"[main]", "class_name":"DefaultSecurityFilterChain", "serviceName":"serviceName", "propelId":, "log_message":"Will secure Regex [pattern='/swagger-resources/.*'] with []" }
{ "date_time":"2021-03-30 16:33:00,610", "thread":"[main]", "class_name":"DefaultSecurityFilterChain", "serviceName":"serviceName", "propelId":, "log_message":"Will secure Regex [pattern='.*'] with [org.springframework.security.web.context.request.async.WebAsyncManagerIntegrationFilter@1a9ec80e, org.springframework.security.web.context.SecurityContextPersistenceFilter@35787726, org.springframework.security.web.header.HeaderWriterFilter@4665428b, org.springframework.security.web.authentication.logout.LogoutFilter@1f84327b, org.springframework.security.web.authentication.www.BasicAuthenticationFilter@2eda2062, org.springframework.security.web.savedrequest.RequestCacheAwareFilter@27976390, org.springframework.security.web.servletapi.SecurityContextHolderAwareRequestFilter@5e50df2e, org.springframework.security.web.authentication.AnonymousAuthenticationFilter@7fd4e815, org.springframework.security.web.session.SessionManagementFilter@1ef31f71, org.springframework.security.web.access.ExceptionTranslationFilter@644a3add, org.springframework.security.web.access.intercept.FilterSecurityInterceptor@3b78c683]" }
{ "date_time":"2021-03-30 16:33:00,743", "thread":"[main]", "class_name":"ThreadPoolTaskExecutor", "serviceName":"serviceName", "propelId":, "log_message":"Initializing ExecutorService 'applicationTaskExecutor'" }
{ "date_time":"2021-03-30 16:33:00,930", "thread":"[main]", "class_name":"AnnotationConfigServletWebServerApplicationContext", "serviceName":"serviceName", "propelId":, "log_message":"Exception encountered during context initialization - cancelling refresh attempt: org.springframework.beans.factory.BeanCreationException: Error creating bean with name 'healthContributorRegistry' defined in class path resource [org/springframework/boot/actuate/autoconfigure/health/HealthEndpointConfiguration.class]: Bean instantiation via factory method failed; nested exception is org.springframework.beans.BeanInstantiationException: Failed to instantiate [org.springframework.boot.actuate.health.HealthContributorRegistry]: Factory method 'healthContributorRegistry' threw exception; nested exception is org.springframework.beans.factory.UnsatisfiedDependencyException: Error creating bean with name 'configServerHealthIndicator' defined in class path resource [org/springframework/cloud/config/server/config/EnvironmentRepositoryConfiguration.class]: Unsatisfied dependency expressed through method 'configServerHealthIndicator' parameter 0; nested exception is org.springframework.beans.factory.UnsatisfiedDependencyException: Error creating bean with name 'org.springframework.cloud.config.server.config.CompositeConfiguration': Unsatisfied dependency expressed through method 'setEnvironmentRepos' parameter 0; nested exception is org.springframework.beans.factory.BeanCreationException: Error creating bean with name 'defaultEnvironmentRepository' defined in class path resource [org/springframework/cloud/config/server/config/DefaultRepositoryConfiguration.class]: Invocation of init method failed; nested exception is java.lang.IllegalStateException: You need to configure a uri for the git repository." }
{ "date_time":"2021-03-30 16:33:00,931", "thread":"[main]", "class_name":"ThreadPoolTaskExecutor", "serviceName":"serviceName", "propelId":, "log_message":"Shutting down ExecutorService 'applicationTaskExecutor'" }
{ "date_time":"2021-03-30 16:33:00,933", "thread":"[main]", "class_name":"StandardService", "serviceName":"serviceName", "propelId":, "log_message":"Stopping service [Tomcat]" }
{ "date_time":"2021-03-30 16:33:00,948", "thread":"[main]", "class_name":"ConditionEvaluationReportLoggingListener", "serviceName":"serviceName", "propelId":, "log_message":"

Error starting ApplicationContext. To display the conditions report re-run your application with 'debug' enabled." }
{ "date_time":"2021-03-30 16:33:00,957", "thread":"[main]", "class_name":"LoggingFailureAnalysisReporter", "serviceName":"serviceName", "propelId":, "log_message":"

***************************
APPLICATION FAILED TO START
***************************

Description:

Invalid config server configuration.

Action:

If you are using the git profile, you need to set a Git URI in your configuration.  If you are using a native profile and have spring.cloud.config.server.bootstrap=true, you need to use a composite configuration.
" }
{ "date_time":"2021-03-30 16:36:09,338", "thread":"[background-preinit]", "class_name":"Version", "serviceName":"serviceName", "propelId":, "log_message":"HV000001: Hibernate Validator 6.1.7.Final" }
{ "date_time":"2021-03-30 16:36:09,344", "thread":"[main]", "class_name":"PrdConfigServerApplication", "serviceName":"serviceName", "propelId":, "log_message":"Starting PrdConfigServerApplication using Java 14.0.1 on LAMU02Z2C59LVCG.uhc.com. with PID 17037 (/Users/svoodem/PRTD/git/prd-config-server-v2/target/classes started by svoodem in /Users/svoodem/PRTD/git/prd-config-server-v2)" }
{ "date_time":"2021-03-30 16:36:09,346", "thread":"[main]", "class_name":"PrdConfigServerApplication", "serviceName":"serviceName", "propelId":, "log_message":"No active profile set, falling back to default profiles: default" }
{ "date_time":"2021-03-30 16:36:11,604", "thread":"[main]", "class_name":"GenericScope", "serviceName":"serviceName", "propelId":, "log_message":"BeanFactory id=64f7b088-b37d-3be2-85c0-d262084a6c35" }
{ "date_time":"2021-03-30 16:36:12,063", "thread":"[main]", "class_name":"TomcatWebServer", "serviceName":"serviceName", "propelId":, "log_message":"Tomcat initialized with port(s): 8080 (http)" }
{ "date_time":"2021-03-30 16:36:12,081", "thread":"[main]", "class_name":"Http11NioProtocol", "serviceName":"serviceName", "propelId":, "log_message":"Initializing ProtocolHandler ["http-nio-8080"]" }
{ "date_time":"2021-03-30 16:36:12,082", "thread":"[main]", "class_name":"StandardService", "serviceName":"serviceName", "propelId":, "log_message":"Starting service [Tomcat]" }
{ "date_time":"2021-03-30 16:36:12,082", "thread":"[main]", "class_name":"StandardEngine", "serviceName":"serviceName", "propelId":, "log_message":"Starting Servlet engine: [Apache Tomcat/9.0.44]" }
{ "date_time":"2021-03-30 16:36:12,316", "thread":"[main]", "class_name":"[/]", "serviceName":"serviceName", "propelId":, "log_message":"Initializing Spring embedded WebApplicationContext" }
{ "date_time":"2021-03-30 16:36:12,316", "thread":"[main]", "class_name":"ServletWebServerApplicationContext", "serviceName":"serviceName", "propelId":, "log_message":"Root WebApplicationContext: initialization completed in 2877 ms" }
{ "date_time":"2021-03-30 16:36:12,854", "thread":"[main]", "class_name":"DefaultSecurityFilterChain", "serviceName":"serviceName", "propelId":, "log_message":"Will secure Ant [pattern='/encrypt', POST] with []" }
{ "date_time":"2021-03-30 16:36:12,855", "thread":"[main]", "class_name":"DefaultSecurityFilterChain", "serviceName":"serviceName", "propelId":, "log_message":"Will secure Regex [pattern='/manage/hystrix.stream'] with []" }
{ "date_time":"2021-03-30 16:36:12,855", "thread":"[main]", "class_name":"DefaultSecurityFilterChain", "serviceName":"serviceName", "propelId":, "log_message":"Will secure Regex [pattern='/actuator/health'] with []" }
{ "date_time":"2021-03-30 16:36:12,855", "thread":"[main]", "class_name":"DefaultSecurityFilterChain", "serviceName":"serviceName", "propelId":, "log_message":"Will secure Regex [pattern='/health'] with []" }
{ "date_time":"2021-03-30 16:36:12,856", "thread":"[main]", "class_name":"DefaultSecurityFilterChain", "serviceName":"serviceName", "propelId":, "log_message":"Will secure Regex [pattern='.*/logConfig[^/]*.xml'] with []" }
{ "date_time":"2021-03-30 16:36:12,856", "thread":"[main]", "class_name":"DefaultSecurityFilterChain", "serviceName":"serviceName", "propelId":, "log_message":"Will secure Regex [pattern='/config-server'] with []" }
{ "date_time":"2021-03-30 16:36:12,856", "thread":"[main]", "class_name":"DefaultSecurityFilterChain", "serviceName":"serviceName", "propelId":, "log_message":"Will secure Regex [pattern='/'] with []" }
{ "date_time":"2021-03-30 16:36:12,856", "thread":"[main]", "class_name":"DefaultSecurityFilterChain", "serviceName":"serviceName", "propelId":, "log_message":"Will secure Regex [pattern='/api-docs.*'] with []" }
{ "date_time":"2021-03-30 16:36:12,857", "thread":"[main]", "class_name":"DefaultSecurityFilterChain", "serviceName":"serviceName", "propelId":, "log_message":"Will secure Regex [pattern='/swagger-resources/.*'] with []" }
{ "date_time":"2021-03-30 16:36:12,905", "thread":"[main]", "class_name":"DefaultSecurityFilterChain", "serviceName":"serviceName", "propelId":, "log_message":"Will secure Regex [pattern='.*'] with [org.springframework.security.web.context.request.async.WebAsyncManagerIntegrationFilter@7889b4b9, org.springframework.security.web.context.SecurityContextPersistenceFilter@7b351446, org.springframework.security.web.header.HeaderWriterFilter@373afd6c, org.springframework.security.web.authentication.logout.LogoutFilter@40943a6, org.springframework.security.web.authentication.www.BasicAuthenticationFilter@54c60202, org.springframework.security.web.savedrequest.RequestCacheAwareFilter@a1691c0, org.springframework.security.web.servletapi.SecurityContextHolderAwareRequestFilter@715fa8c5, org.springframework.security.web.authentication.AnonymousAuthenticationFilter@1e545821, org.springframework.security.web.session.SessionManagementFilter@6b37df8e, org.springframework.security.web.access.ExceptionTranslationFilter@2415e4c7, org.springframework.security.web.access.intercept.FilterSecurityInterceptor@22a260ff]" }
{ "date_time":"2021-03-30 16:36:13,280", "thread":"[main]", "class_name":"ThreadPoolTaskExecutor", "serviceName":"serviceName", "propelId":, "log_message":"Initializing ExecutorService 'applicationTaskExecutor'" }
{ "date_time":"2021-03-30 16:36:13,800", "thread":"[main]", "class_name":"AnnotationConfigServletWebServerApplicationContext", "serviceName":"serviceName", "propelId":, "log_message":"Exception encountered during context initialization - cancelling refresh attempt: org.springframework.beans.factory.BeanCreationException: Error creating bean with name 'healthContributorRegistry' defined in class path resource [org/springframework/boot/actuate/autoconfigure/health/HealthEndpointConfiguration.class]: Bean instantiation via factory method failed; nested exception is org.springframework.beans.BeanInstantiationException: Failed to instantiate [org.springframework.boot.actuate.health.HealthContributorRegistry]: Factory method 'healthContributorRegistry' threw exception; nested exception is org.springframework.beans.factory.UnsatisfiedDependencyException: Error creating bean with name 'configServerHealthIndicator' defined in class path resource [org/springframework/cloud/config/server/config/EnvironmentRepositoryConfiguration.class]: Unsatisfied dependency expressed through method 'configServerHealthIndicator' parameter 0; nested exception is org.springframework.beans.factory.UnsatisfiedDependencyException: Error creating bean with name 'org.springframework.cloud.config.server.config.CompositeConfiguration': Unsatisfied dependency expressed through method 'setEnvironmentRepos' parameter 0; nested exception is org.springframework.beans.factory.BeanCreationException: Error creating bean with name 'defaultEnvironmentRepository' defined in class path resource [org/springframework/cloud/config/server/config/DefaultRepositoryConfiguration.class]: Invocation of init method failed; nested exception is java.lang.IllegalStateException: You need to configure a uri for the git repository." }
{ "date_time":"2021-03-30 16:36:13,801", "thread":"[main]", "class_name":"ThreadPoolTaskExecutor", "serviceName":"serviceName", "propelId":, "log_message":"Shutting down ExecutorService 'applicationTaskExecutor'" }
{ "date_time":"2021-03-30 16:36:13,808", "thread":"[main]", "class_name":"StandardService", "serviceName":"serviceName", "propelId":, "log_message":"Stopping service [Tomcat]" }
{ "date_time":"2021-03-30 16:36:13,846", "thread":"[main]", "class_name":"ConditionEvaluationReportLoggingListener", "serviceName":"serviceName", "propelId":, "log_message":"

Error starting ApplicationContext. To display the conditions report re-run your application with 'debug' enabled." }
{ "date_time":"2021-03-30 16:36:13,873", "thread":"[main]", "class_name":"LoggingFailureAnalysisReporter", "serviceName":"serviceName", "propelId":, "log_message":"

***************************
APPLICATION FAILED TO START
***************************

Description:

Invalid config server configuration.

Action:

If you are using the git profile, you need to set a Git URI in your configuration.  If you are using a native profile and have spring.cloud.config.server.bootstrap=true, you need to use a composite configuration.
" }
